<?xml version="1.0" encoding="UTF-8"?>
<testng-results ignored="0" total="3" passed="3" failed="0" skipped="0">
  <reporter-output>
  </reporter-output>
  <suite started-at="2025-08-18T19:12:44 IST" name="Default suite" finished-at="2025-08-18T19:12:48 IST" duration-ms="3555">
    <groups>
    </groups>
    <test started-at="2025-08-18T19:12:44 IST" name="Default test" finished-at="2025-08-18T19:12:48 IST" duration-ms="3555">
      <class name="org.jsonPlaceholder.JSONPlaceholderAPITesting.SampleAPITesting">
        <test-method signature="getPosts()[pri:0, instance:org.jsonPlaceholder.JSONPlaceholderAPITesting.SampleAPITesting@37ceb1df]" started-at="2025-08-18T19:12:44 IST" name="getPosts" finished-at="2025-08-18T19:12:46 IST" duration-ms="2128" status="PASS">
          <reporter-output>
          </reporter-output>
        </test-method> <!-- getPosts -->
        <test-method signature="getUsers()[pri:0, instance:org.jsonPlaceholder.JSONPlaceholderAPITesting.SampleAPITesting@37ceb1df]" started-at="2025-08-18T19:12:46 IST" name="getUsers" finished-at="2025-08-18T19:12:47 IST" duration-ms="679" status="PASS">
          <reporter-output>
          </reporter-output>
        </test-method> <!-- getUsers -->
        <test-method signature="validateResponseStatusCode()[pri:0, instance:org.jsonPlaceholder.JSONPlaceholderAPITesting.SampleAPITesting@37ceb1df]" started-at="2025-08-18T19:12:47 IST" name="validateResponseStatusCode" finished-at="2025-08-18T19:12:48 IST" duration-ms="706" status="PASS">
          <reporter-output>
          </reporter-output>
        </test-method> <!-- validateResponseStatusCode -->
      </class> <!-- org.jsonPlaceholder.JSONPlaceholderAPITesting.SampleAPITesting -->
    </test> <!-- Default test -->
  </suite> <!-- Default suite -->
</testng-results>
