<?xml version="1.0" encoding="UTF-8"?>
<testng-results ignored="0" total="4" passed="4" failed="0" skipped="0">
  <reporter-output>
  </reporter-output>
  <suite started-at="2025-08-19T18:39:28 IST" name="Default suite" finished-at="2025-08-19T18:39:32 IST" duration-ms="4019">
    <groups>
    </groups>
    <test started-at="2025-08-19T18:39:28 IST" name="Default test" finished-at="2025-08-19T18:39:32 IST" duration-ms="4019">
      <class name="org.jsonPlaceholder.JSONPlaceholderAPITesting.UsersAPI">
        <test-method signature="getUsers()[pri:0, instance:org.jsonPlaceholder.JSONPlaceholderAPITesting.UsersAPI@c0c2f8d]" started-at="2025-08-19T18:39:28 IST" name="getUsers" finished-at="2025-08-19T18:39:29 IST" duration-ms="1642" status="PASS">
          <reporter-output>
          </reporter-output>
        </test-method> <!-- getUsers -->
        <test-method signature="validateResponseStatusCode()[pri:0, instance:org.jsonPlaceholder.JSONPlaceholderAPITesting.UsersAPI@c0c2f8d]" started-at="2025-08-19T18:39:29 IST" name="validateResponseStatusCode" finished-at="2025-08-19T18:39:30 IST" duration-ms="1031" status="PASS">
          <reporter-output>
          </reporter-output>
        </test-method> <!-- validateResponseStatusCode -->
        <test-method signature="validateResponseTime()[pri:0, instance:org.jsonPlaceholder.JSONPlaceholderAPITesting.UsersAPI@c0c2f8d]" started-at="2025-08-19T18:39:30 IST" name="validateResponseTime" finished-at="2025-08-19T18:39:31 IST" duration-ms="227" status="PASS">
          <reporter-output>
          </reporter-output>
        </test-method> <!-- validateResponseTime -->
        <test-method signature="validateUsersData()[pri:0, instance:org.jsonPlaceholder.JSONPlaceholderAPITesting.UsersAPI@c0c2f8d]" started-at="2025-08-19T18:39:31 IST" name="validateUsersData" finished-at="2025-08-19T18:39:32 IST" duration-ms="1084" status="PASS">
          <reporter-output>
          </reporter-output>
        </test-method> <!-- validateUsersData -->
      </class> <!-- org.jsonPlaceholder.JSONPlaceholderAPITesting.UsersAPI -->
    </test> <!-- Default test -->
  </suite> <!-- Default suite -->
</testng-results>
