<?xml version="1.0" encoding="UTF-8"?>
<!-- Generated by org.testng.reporters.JUnitXMLReporter -->
<testsuite ignored="0" hostname="SusmithaP" failures="0" tests="3" name="Default test" time="3.555" errors="0" timestamp="2025-08-18T19:12:48 IST">
  <testcase classname="org.jsonPlaceholder.JSONPlaceholderAPITesting.SampleAPITesting" name="getPosts" time="2.128"/>
  <testcase classname="org.jsonPlaceholder.JSONPlaceholderAPITesting.SampleAPITesting" name="getUsers" time="0.679"/>
  <testcase classname="org.jsonPlaceholder.JSONPlaceholderAPITesting.SampleAPITesting" name="validateResponseStatusCode" time="0.706"/>
</testsuite> <!-- Default test -->
