<?xml version="1.0" encoding="UTF-8"?>
<!-- Generated by org.testng.reporters.JUnitXMLReporter -->
<testsuite ignored="0" hostname="SusmithaP" failures="0" tests="4" name="Default test" time="4.019" errors="0" timestamp="2025-08-19T18:39:32 IST">
  <testcase classname="org.jsonPlaceholder.JSONPlaceholderAPITesting.UsersAPI" name="getUsers" time="1.642"/>
  <testcase classname="org.jsonPlaceholder.JSONPlaceholderAPITesting.UsersAPI" name="validateResponseStatusCode" time="1.031"/>
  <testcase classname="org.jsonPlaceholder.JSONPlaceholderAPITesting.UsersAPI" name="validateResponseTime" time="0.227"/>
  <testcase classname="org.jsonPlaceholder.JSONPlaceholderAPITesting.UsersAPI" name="validateUsersData" time="1.084"/>
</testsuite> <!-- Default test -->
